
2016-07-27 14:36:14
[ERROR]-[Thread: qtp1865127310-34]-[com.jfinal.core.ActionHandler.handle()]: /post/16
net.sf.ehcache.CacheException: java.io.EOFException
	at net.sf.ehcache.store.disk.DiskStorageFactory.retrieve(DiskStorageFactory.java:939)
	at net.sf.ehcache.store.disk.Segment.decode(Segment.java:167)
	at net.sf.ehcache.store.disk.Segment.put(Segment.java:444)
	at net.sf.ehcache.store.disk.DiskStore.put(DiskStore.java:477)
	at net.sf.ehcache.store.FrontEndCacheTier.put(FrontEndCacheTier.java:257)
	at net.sf.ehcache.Cache.putInternal(Cache.java:1489)
	at net.sf.ehcache.Cache.put(Cache.java:1417)
	at net.sf.ehcache.Cache.put(Cache.java:1382)
	at com.jfinal.plugin.ehcache.CacheKit.put(CacheKit.java:58)
	at com.onroad.model.Topic.increaseTopicAttrInCache(Topic.java:105)
	at com.onroad.model.Topic.increaseTopicPV(Topic.java:64)
	at com.onroad.model.Post.getPage(Post.java:26)
	at com.onroad.controller.PostController.index(PostController.java:20)
	at sun.reflect.NativeMethodAccessorImpl.invoke0(Native Method)
	at sun.reflect.NativeMethodAccessorImpl.invoke(Unknown Source)
	at sun.reflect.DelegatingMethodAccessorImpl.invoke(Unknown Source)
	at java.lang.reflect.Method.invoke(Unknown Source)
	at com.jfinal.core.ActionInvocation.invoke(ActionInvocation.java:55)
	at com.onroad.interceptor.GlobalInterceptor.intercept(GlobalInterceptor.java:33)
	at com.jfinal.core.ActionInvocation.invoke(ActionInvocation.java:51)
	at com.jfinal.ext.interceptor.SessionInViewInterceptor.intercept(SessionInViewInterceptor.java:44)
	at com.jfinal.core.ActionInvocation.invoke(ActionInvocation.java:51)
	at com.jfinal.core.ActionHandler.handle(ActionHandler.java:73)
	at com.jfinal.core.ActionHandler.handle(ActionHandler.java:86)
	at com.jfinal.core.JFinalFilter.doFilter(JFinalFilter.java:72)
	at org.eclipse.jetty.servlet.ServletHandler$CachedChain.doFilter(ServletHandler.java:1307)
	at org.eclipse.jetty.servlet.ServletHandler.doHandle(ServletHandler.java:453)
	at org.eclipse.jetty.server.handler.ScopedHandler.handle(ScopedHandler.java:137)
	at org.eclipse.jetty.security.SecurityHandler.handle(SecurityHandler.java:560)
	at org.eclipse.jetty.server.session.SessionHandler.doHandle(SessionHandler.java:231)
	at org.eclipse.jetty.server.handler.ContextHandler.doHandle(ContextHandler.java:1072)
	at org.eclipse.jetty.servlet.ServletHandler.doScope(ServletHandler.java:382)
	at org.eclipse.jetty.server.session.SessionHandler.doScope(SessionHandler.java:193)
	at org.eclipse.jetty.server.handler.ContextHandler.doScope(ContextHandler.java:1006)
	at org.eclipse.jetty.server.handler.ScopedHandler.handle(ScopedHandler.java:135)
	at org.eclipse.jetty.server.handler.HandlerWrapper.handle(HandlerWrapper.java:116)
	at org.eclipse.jetty.server.Server.handle(Server.java:365)
	at org.eclipse.jetty.server.AbstractHttpConnection.handleRequest(AbstractHttpConnection.java:485)
	at org.eclipse.jetty.server.AbstractHttpConnection.headerComplete(AbstractHttpConnection.java:926)
	at org.eclipse.jetty.server.AbstractHttpConnection$RequestHandler.headerComplete(AbstractHttpConnection.java:988)
	at org.eclipse.jetty.http.HttpParser.parseNext(HttpParser.java:635)
	at org.eclipse.jetty.http.HttpParser.parseAvailable(HttpParser.java:235)
	at org.eclipse.jetty.server.AsyncHttpConnection.handle(AsyncHttpConnection.java:82)
	at org.eclipse.jetty.io.nio.SelectChannelEndPoint.handle(SelectChannelEndPoint.java:628)
	at org.eclipse.jetty.io.nio.SelectChannelEndPoint$1.run(SelectChannelEndPoint.java:52)
	at org.eclipse.jetty.util.thread.QueuedThreadPool.runJob(QueuedThreadPool.java:608)
	at org.eclipse.jetty.util.thread.QueuedThreadPool$3.run(QueuedThreadPool.java:543)
	at java.lang.Thread.run(Unknown Source)
Caused by: java.io.EOFException
	at java.io.RandomAccessFile.readFully(Unknown Source)
	at java.io.RandomAccessFile.readFully(Unknown Source)
	at net.sf.ehcache.store.disk.DiskStorageFactory.read(DiskStorageFactory.java:372)
	at net.sf.ehcache.store.disk.DiskStorageFactory.retrieve(DiskStorageFactory.java:937)
	... 47 more
